<?xml version="1.0" encoding="UTF-8"?>
<testsuite xmlns:xsi="http://www.w3.org/2001/XMLSchema-instance" xsi:noNamespaceSchemaLocation="https://maven.apache.org/surefire/maven-surefire-plugin/xsd/surefire-test-report.xsd" name="TestSuite" time="132.482" tests="12" errors="0" skipped="0" failures="2">
  <properties>
[...]
</properties>
  <testcase name="PageTitleTest" classname="com.qa.main.testcases.SignInPageTest" time="0.181"/>
  <testcase name="SignInPageWithDetails" classname="com.qa.main.testcases.SignInPageTest" time="0.21"/>
  <testcase name="signInTest" classname="com.qa.main.testcases.SignInPageTest" time="0.491"/>
  <testcase name="signoutTest" classname="com.qa.main.testcases.SignInPageTest" time="1.947"/>
  <testcase name="verifyHomePageUserNameTest" classname="com.qa.main.testcases.HomePageTest" time="1.014">
    <failure message="Failed expected [title check failed] but found [menna+automation@intellisense.io]" type="java.lang.AssertionError">java.lang.AssertionError: Failed expected [title check failed] but found [menna+automation@intellisense.io]
	at com.qa.main.testcases.HomePageTest.verifyHomePageUserNameTest(HomePageTest.java:52)
</failure>
    <system-out><![CDATA[menna+automation@intellisense.io
]]></system-out>
    <system-err><![CDATA[Starting ChromeDriver 88.0.4324.96 (68dba2d8a0b149a1d3afac56fa74648032bcf46b-refs/branch-heads/4324@{#1784}) on port 12113
Only local connections are allowed.
Please see https://chromedriver.chromium.org/security-considerations for suggestions on keeping ChromeDriver safe.
ChromeDriver was started successfully.
Feb 20, 2021 3:46:19 PM org.openqa.selenium.remote.ProtocolHandshake createSession
INFO: Detected dialect: W3C
]]></system-err>
  </testcase>
  <testcase name="verifyDashBoardTest" classname="com.qa.main.testcases.HomePageTest" time="0.034"/>
  <testcase name="verifySelectDashBoardTest" classname="com.qa.main.testcases.HomePageTest" time="3.869"/>
  <testcase name="verifyDashBoardTest" classname="com.qa.main.testcases.DashboardPageTest" time="0.03"/>
  <testcase name="verifySethomeBtnTest" classname="com.qa.main.testcases.DashboardPageTest" time="2.617"/>
  <testcase name="verifyduplicateDashboardTest" classname="com.qa.main.testcases.DashboardPageTest" time="3.075"/>
  <testcase name="verifyExportdataTest" classname="com.qa.main.testcases.DashboardPageTest" time="2.454"/>
  <testcase name="verifyExportdataDownloadTest" classname="com.qa.main.testcases.DashboardPageTest" time="20.178">
    <failure message="element not interactable&#10;  (Session info: chrome=88.0.4324.182)&#10;Build info: version: &apos;3.141.59&apos;, revision: &apos;e82be7d358&apos;, time: &apos;2018-11-14T08:17:03&apos;&#10;System info: host: &apos;LAPTOP-FBFACADN&apos;, ip: &apos;192.168.2.22&apos;, os.name: &apos;Windows 10&apos;, os.arch: &apos;amd64&apos;, os.version: &apos;10.0&apos;, java.version: &apos;1.8.0_241&apos;&#10;Driver info: org.openqa.selenium.chrome.ChromeDriver&#10;Capabilities {acceptInsecureCerts: false, browserName: chrome, browserVersion: 88.0.4324.182, chrome: {chromedriverVersion: 88.0.4324.96 (68dba2d8a0b14..., userDataDir: C:\Users\Murali\AppData\Loc...}, goog:chromeOptions: {debuggerAddress: localhost:62140}, javascriptEnabled: true, networkConnectionEnabled: false, pageLoadStrategy: normal, platform: WINDOWS, platformName: WINDOWS, proxy: Proxy(), setWindowRect: true, strictFileInteractability: false, timeouts: {implicit: 0, pageLoad: 300000, script: 30000}, unhandledPromptBehavior: dismiss and notify, webauthn:extension:largeBlob: true, webauthn:virtualAuthenticators: true}&#10;Session ID: 6cafe465349677d2e36f30502f7916a0" type="org.openqa.selenium.ElementNotInteractableException">org.openqa.selenium.ElementNotInteractableException: 
element not interactable
  (Session info: chrome=88.0.4324.182)
Build info: version: '3.141.59', revision: 'e82be7d358', time: '2018-11-14T08:17:03'
System info: host: 'LAPTOP-FBFACADN', ip: '192.168.2.22', os.name: 'Windows 10', os.arch: 'amd64', os.version: '10.0', java.version: '1.8.0_241'
Driver info: org.openqa.selenium.chrome.ChromeDriver
Capabilities {acceptInsecureCerts: false, browserName: chrome, browserVersion: 88.0.4324.182, chrome: {chromedriverVersion: 88.0.4324.96 (68dba2d8a0b14..., userDataDir: C:\Users\Murali\AppData\Loc...}, goog:chromeOptions: {debuggerAddress: localhost:62140}, javascriptEnabled: true, networkConnectionEnabled: false, pageLoadStrategy: normal, platform: WINDOWS, platformName: WINDOWS, proxy: Proxy(), setWindowRect: true, strictFileInteractability: false, timeouts: {implicit: 0, pageLoad: 300000, script: 30000}, unhandledPromptBehavior: dismiss and notify, webauthn:extension:largeBlob: true, webauthn:virtualAuthenticators: true}
Session ID: 6cafe465349677d2e36f30502f7916a0
	at com.qa.main.testcases.DashboardPageTest.verifyExportdataDownloadTest(DashboardPageTest.java:95)
</failure>
  </testcase>
</testsuite>